{"/Users/jenvyxu/code/jest-test/src/hooks/useCounter.ts": {"path":"/Users/jenvyxu/code/jest-test/src/hooks/useCounter.ts","all":false,"statementMap":{"0":{"start":{"line":1,"column":0},"end":{"line":1,"column":33}},"1":{"start":{"line":2,"column":0},"end":{"line":2,"column":0}},"2":{"start":{"line":3,"column":0},"end":{"line":3,"column":26}},"3":{"start":{"line":4,"column":0},"end":{"line":4,"column":15}},"4":{"start":{"line":5,"column":0},"end":{"line":5,"column":15}},"5":{"start":{"line":6,"column":0},"end":{"line":6,"column":1}},"6":{"start":{"line":7,"column":0},"end":{"line":7,"column":0}},"7":{"start":{"line":8,"column":0},"end":{"line":8,"column":58}},"8":{"start":{"line":9,"column":0},"end":{"line":9,"column":0}},"9":{"start":{"line":10,"column":0},"end":{"line":10,"column":61}},"10":{"start":{"line":11,"column":0},"end":{"line":11,"column":31}},"11":{"start":{"line":12,"column":0},"end":{"line":12,"column":19}},"12":{"start":{"line":13,"column":0},"end":{"line":13,"column":32}},"13":{"start":{"line":14,"column":0},"end":{"line":14,"column":35}},"14":{"start":{"line":15,"column":0},"end":{"line":15,"column":3}},"15":{"start":{"line":16,"column":0},"end":{"line":16,"column":32}},"16":{"start":{"line":17,"column":0},"end":{"line":17,"column":35}},"17":{"start":{"line":18,"column":0},"end":{"line":18,"column":3}},"18":{"start":{"line":19,"column":0},"end":{"line":19,"column":16}},"19":{"start":{"line":20,"column":0},"end":{"line":20,"column":1}},"20":{"start":{"line":21,"column":0},"end":{"line":21,"column":0}},"21":{"start":{"line":22,"column":0},"end":{"line":22,"column":62}},"22":{"start":{"line":23,"column":0},"end":{"line":23,"column":31}},"23":{"start":{"line":24,"column":0},"end":{"line":24,"column":0}},"24":{"start":{"line":25,"column":0},"end":{"line":25,"column":48}},"25":{"start":{"line":26,"column":0},"end":{"line":26,"column":41}},"26":{"start":{"line":27,"column":0},"end":{"line":27,"column":10}},"27":{"start":{"line":28,"column":0},"end":{"line":28,"column":10}},"28":{"start":{"line":29,"column":0},"end":{"line":29,"column":7}},"29":{"start":{"line":30,"column":0},"end":{"line":30,"column":5}},"30":{"start":{"line":31,"column":0},"end":{"line":31,"column":0}},"31":{"start":{"line":32,"column":0},"end":{"line":32,"column":43}},"32":{"start":{"line":33,"column":0},"end":{"line":33,"column":23}},"33":{"start":{"line":34,"column":0},"end":{"line":34,"column":66}},"34":{"start":{"line":35,"column":0},"end":{"line":35,"column":37}},"35":{"start":{"line":36,"column":0},"end":{"line":36,"column":12}},"36":{"start":{"line":37,"column":0},"end":{"line":37,"column":12}},"37":{"start":{"line":38,"column":0},"end":{"line":38,"column":9}},"38":{"start":{"line":39,"column":0},"end":{"line":39,"column":7}},"39":{"start":{"line":40,"column":0},"end":{"line":40,"column":4}},"40":{"start":{"line":41,"column":0},"end":{"line":41,"column":0}},"41":{"start":{"line":42,"column":0},"end":{"line":42,"column":30}},"42":{"start":{"line":43,"column":0},"end":{"line":43,"column":31}},"43":{"start":{"line":44,"column":0},"end":{"line":44,"column":4}},"44":{"start":{"line":45,"column":0},"end":{"line":45,"column":0}},"45":{"start":{"line":46,"column":0},"end":{"line":46,"column":30}},"46":{"start":{"line":47,"column":0},"end":{"line":47,"column":31}},"47":{"start":{"line":48,"column":0},"end":{"line":48,"column":4}},"48":{"start":{"line":49,"column":0},"end":{"line":49,"column":0}},"49":{"start":{"line":50,"column":0},"end":{"line":50,"column":38}},"50":{"start":{"line":51,"column":0},"end":{"line":51,"column":20}},"51":{"start":{"line":52,"column":0},"end":{"line":52,"column":4}},"52":{"start":{"line":53,"column":0},"end":{"line":53,"column":0}},"53":{"start":{"line":54,"column":0},"end":{"line":54,"column":23}},"54":{"start":{"line":55,"column":0},"end":{"line":55,"column":27}},"55":{"start":{"line":56,"column":0},"end":{"line":56,"column":4}},"56":{"start":{"line":57,"column":0},"end":{"line":57,"column":0}},"57":{"start":{"line":58,"column":0},"end":{"line":58,"column":10}},"58":{"start":{"line":59,"column":0},"end":{"line":59,"column":12}},"59":{"start":{"line":60,"column":0},"end":{"line":60,"column":5}},"60":{"start":{"line":61,"column":0},"end":{"line":61,"column":10}},"61":{"start":{"line":62,"column":0},"end":{"line":62,"column":10}},"62":{"start":{"line":63,"column":0},"end":{"line":63,"column":10}},"63":{"start":{"line":64,"column":0},"end":{"line":64,"column":12}},"64":{"start":{"line":65,"column":0},"end":{"line":65,"column":6}},"65":{"start":{"line":66,"column":0},"end":{"line":66,"column":13}},"66":{"start":{"line":67,"column":0},"end":{"line":67,"column":1}},"67":{"start":{"line":68,"column":0},"end":{"line":68,"column":0}},"68":{"start":{"line":69,"column":0},"end":{"line":69,"column":26}}},"s":{"0":1,"1":1,"2":1,"3":1,"4":1,"5":1,"6":1,"7":1,"8":1,"9":9,"10":9,"11":9,"12":9,"13":0,"14":0,"15":9,"16":0,"17":0,"18":9,"19":9,"20":1,"21":9,"22":9,"23":9,"24":9,"25":4,"26":4,"27":4,"28":4,"29":9,"30":9,"31":9,"32":5,"33":5,"34":5,"35":5,"36":5,"37":5,"38":5,"39":9,"40":9,"41":9,"42":2,"43":9,"44":9,"45":9,"46":1,"47":9,"48":9,"49":9,"50":1,"51":9,"52":9,"53":9,"54":1,"55":9,"56":9,"57":9,"58":9,"59":9,"60":9,"61":9,"62":9,"63":9,"64":9,"65":9,"66":9,"67":1,"68":1},"branchMap":{"0":{"type":"branch","line":10,"loc":{"start":{"line":10,"column":0},"end":{"line":20,"column":1}},"locations":[{"start":{"line":10,"column":0},"end":{"line":20,"column":1}}]},"1":{"type":"branch","line":13,"loc":{"start":{"line":13,"column":31},"end":{"line":15,"column":3}},"locations":[{"start":{"line":13,"column":31},"end":{"line":15,"column":3}}]},"2":{"type":"branch","line":16,"loc":{"start":{"line":16,"column":31},"end":{"line":18,"column":3}},"locations":[{"start":{"line":16,"column":31},"end":{"line":18,"column":3}}]},"3":{"type":"branch","line":22,"loc":{"start":{"line":22,"column":0},"end":{"line":67,"column":1}},"locations":[{"start":{"line":22,"column":0},"end":{"line":67,"column":1}}]},"4":{"type":"branch","line":25,"loc":{"start":{"line":25,"column":41},"end":{"line":30,"column":3}},"locations":[{"start":{"line":25,"column":41},"end":{"line":30,"column":3}}]},"5":{"type":"branch","line":32,"loc":{"start":{"line":32,"column":19},"end":{"line":40,"column":3}},"locations":[{"start":{"line":32,"column":19},"end":{"line":40,"column":3}}]},"6":{"type":"branch","line":33,"loc":{"start":{"line":33,"column":15},"end":{"line":39,"column":5}},"locations":[{"start":{"line":33,"column":15},"end":{"line":39,"column":5}}]},"7":{"type":"branch","line":34,"loc":{"start":{"line":34,"column":47},"end":{"line":34,"column":54}},"locations":[{"start":{"line":34,"column":47},"end":{"line":34,"column":54}}]},"8":{"type":"branch","line":34,"loc":{"start":{"line":34,"column":55},"end":{"line":34,"column":65}},"locations":[{"start":{"line":34,"column":55},"end":{"line":34,"column":65}}]},"9":{"type":"branch","line":42,"loc":{"start":{"line":42,"column":14},"end":{"line":44,"column":3}},"locations":[{"start":{"line":42,"column":14},"end":{"line":44,"column":3}}]},"10":{"type":"branch","line":43,"loc":{"start":{"line":43,"column":13},"end":{"line":43,"column":29}},"locations":[{"start":{"line":43,"column":13},"end":{"line":43,"column":29}}]},"11":{"type":"branch","line":46,"loc":{"start":{"line":46,"column":14},"end":{"line":48,"column":3}},"locations":[{"start":{"line":46,"column":14},"end":{"line":48,"column":3}}]},"12":{"type":"branch","line":47,"loc":{"start":{"line":47,"column":13},"end":{"line":47,"column":29}},"locations":[{"start":{"line":47,"column":13},"end":{"line":47,"column":29}}]},"13":{"type":"branch","line":50,"loc":{"start":{"line":50,"column":14},"end":{"line":52,"column":3}},"locations":[{"start":{"line":50,"column":14},"end":{"line":52,"column":3}}]},"14":{"type":"branch","line":54,"loc":{"start":{"line":54,"column":16},"end":{"line":56,"column":3}},"locations":[{"start":{"line":54,"column":16},"end":{"line":56,"column":3}}]}},"b":{"0":[9],"1":[0],"2":[0],"3":[9],"4":[4],"5":[5],"6":[5],"7":[2],"8":[3],"9":[2],"10":[2],"11":[1],"12":[1],"13":[1],"14":[1]},"fnMap":{"0":{"name":"getTargetValue","decl":{"start":{"line":10,"column":0},"end":{"line":20,"column":1}},"loc":{"start":{"line":10,"column":0},"end":{"line":20,"column":1}},"line":10},"1":{"name":"useCounter","decl":{"start":{"line":22,"column":0},"end":{"line":67,"column":1}},"loc":{"start":{"line":22,"column":0},"end":{"line":67,"column":1}},"line":22},"2":{"name":"setValue","decl":{"start":{"line":32,"column":19},"end":{"line":40,"column":3}},"loc":{"start":{"line":32,"column":19},"end":{"line":40,"column":3}},"line":32},"3":{"name":"inc","decl":{"start":{"line":42,"column":14},"end":{"line":44,"column":3}},"loc":{"start":{"line":42,"column":14},"end":{"line":44,"column":3}},"line":42},"4":{"name":"dec","decl":{"start":{"line":46,"column":14},"end":{"line":48,"column":3}},"loc":{"start":{"line":46,"column":14},"end":{"line":48,"column":3}},"line":46},"5":{"name":"set","decl":{"start":{"line":50,"column":14},"end":{"line":52,"column":3}},"loc":{"start":{"line":50,"column":14},"end":{"line":52,"column":3}},"line":50},"6":{"name":"reset","decl":{"start":{"line":54,"column":16},"end":{"line":56,"column":3}},"loc":{"start":{"line":54,"column":16},"end":{"line":56,"column":3}},"line":54}},"f":{"0":9,"1":9,"2":5,"3":2,"4":1,"5":1,"6":1}}
,"/Users/jenvyxu/code/jest-test/src/utils/sum.js": {"path":"/Users/jenvyxu/code/jest-test/src/utils/sum.js","all":false,"statementMap":{"0":{"start":{"line":1,"column":0},"end":{"line":1,"column":19}},"1":{"start":{"line":2,"column":0},"end":{"line":2,"column":23}},"2":{"start":{"line":3,"column":0},"end":{"line":3,"column":15}},"3":{"start":{"line":4,"column":0},"end":{"line":4,"column":2}},"4":{"start":{"line":5,"column":0},"end":{"line":5,"column":0}},"5":{"start":{"line":6,"column":0},"end":{"line":6,"column":21}}},"s":{"0":1,"1":1,"2":1,"3":1,"4":1,"5":1},"branchMap":{"0":{"type":"branch","line":1,"loc":{"start":{"line":1,"column":0},"end":{"line":6,"column":21}},"locations":[{"start":{"line":1,"column":0},"end":{"line":6,"column":21}}]},"1":{"type":"branch","line":1,"loc":{"start":{"line":1,"column":0},"end":{"line":6,"column":21}},"locations":[{"start":{"line":1,"column":0},"end":{"line":6,"column":21}}]},"2":{"type":"branch","line":2,"loc":{"start":{"line":2,"column":12},"end":{"line":4,"column":1}},"locations":[{"start":{"line":2,"column":12},"end":{"line":4,"column":1}}]}},"b":{"0":[1],"1":[1],"2":[1]},"fnMap":{"0":{"name":"Object.<anonymous>","decl":{"start":{"line":1,"column":0},"end":{"line":6,"column":21}},"loc":{"start":{"line":1,"column":0},"end":{"line":6,"column":21}},"line":1},"1":{"name":"sum","decl":{"start":{"line":2,"column":12},"end":{"line":4,"column":1}},"loc":{"start":{"line":2,"column":12},"end":{"line":4,"column":1}},"line":2}},"f":{"0":1,"1":1}}
}
