{"/Users/jenvyxu/code/jest-test/src/utils/sum.js": {"path":"/Users/jenvyxu/code/jest-test/src/utils/sum.js","all":false,"statementMap":{"0":{"start":{"line":1,"column":0},"end":{"line":1,"column":19}},"1":{"start":{"line":2,"column":0},"end":{"line":2,"column":23}},"2":{"start":{"line":3,"column":0},"end":{"line":3,"column":15}},"3":{"start":{"line":4,"column":0},"end":{"line":4,"column":2}},"4":{"start":{"line":5,"column":0},"end":{"line":5,"column":0}},"5":{"start":{"line":6,"column":0},"end":{"line":6,"column":21}}},"s":{"0":1,"1":1,"2":1,"3":1,"4":1,"5":1},"branchMap":{"0":{"type":"branch","line":2,"loc":{"start":{"line":2,"column":12},"end":{"line":4,"column":2}},"locations":[{"start":{"line":2,"column":12},"end":{"line":4,"column":2}}]}},"b":{"0":[1]},"fnMap":{"0":{"name":"sum","decl":{"start":{"line":2,"column":12},"end":{"line":4,"column":2}},"loc":{"start":{"line":2,"column":12},"end":{"line":4,"column":2}},"line":2}},"f":{"0":1}}
}
