TN:
SF:src/hooks/useCounter.ts
FN:10,getTargetValue
FN:22,useCounter
FN:32,setValue
FN:42,inc
FN:46,dec
FN:50,set
FN:54,reset
FNF:7
FNH:7
FNDA:9,getTargetValue
FNDA:9,useCounter
FNDA:5,setValue
FNDA:2,inc
FNDA:1,dec
FNDA:1,set
FNDA:1,reset
DA:1,1
DA:2,1
DA:3,1
DA:4,1
DA:5,1
DA:6,1
DA:7,1
DA:8,1
DA:9,1
DA:10,9
DA:11,9
DA:12,9
DA:13,9
DA:14,0
DA:15,0
DA:16,9
DA:17,0
DA:18,0
DA:19,9
DA:20,9
DA:21,1
DA:22,9
DA:23,9
DA:24,9
DA:25,9
DA:26,4
DA:27,4
DA:28,4
DA:29,4
DA:30,9
DA:31,9
DA:32,9
DA:33,5
DA:34,5
DA:35,5
DA:36,5
DA:37,5
DA:38,5
DA:39,5
DA:40,9
DA:41,9
DA:42,9
DA:43,2
DA:44,9
DA:45,9
DA:46,9
DA:47,1
DA:48,9
DA:49,9
DA:50,9
DA:51,1
DA:52,9
DA:53,9
DA:54,9
DA:55,1
DA:56,9
DA:57,9
DA:58,9
DA:59,9
DA:60,9
DA:61,9
DA:62,9
DA:63,9
DA:64,9
DA:65,9
DA:66,9
DA:67,9
DA:68,1
DA:69,1
LF:69
LH:65
BRDA:10,0,0,9
BRDA:13,1,0,0
BRDA:16,2,0,0
BRDA:22,3,0,9
BRDA:25,4,0,4
BRDA:32,5,0,5
BRDA:33,6,0,5
BRDA:34,7,0,2
BRDA:34,8,0,3
BRDA:42,9,0,2
BRDA:43,10,0,2
BRDA:46,11,0,1
BRDA:47,12,0,1
BRDA:50,13,0,1
BRDA:54,14,0,1
BRF:15
BRH:13
end_of_record
TN:
SF:src/utils/sum.js
FN:1,Object.<anonymous>
FN:2,sum
FNF:2
FNH:2
FNDA:1,Object.<anonymous>
FNDA:1,sum
DA:1,1
DA:2,1
DA:3,1
DA:4,1
DA:5,1
DA:6,1
LF:6
LH:6
BRDA:1,0,0,1
BRDA:1,1,0,1
BRDA:2,2,0,1
BRF:3
BRH:3
end_of_record
